<?xml version="1.0" encoding="UTF-8"?>
<testsuite name="MainKtTest" tests="1" skipped="0" failures="0" errors="0" timestamp="2022-10-04T03:07:00" hostname="PC-MASTERACE" time="0.014">
  <properties/>
  <testcase name="TestarMain()" classname="MainKtTest" time="0.014"/>
  <system-out><![CDATA[]]></system-out>
  <system-err><![CDATA[]]></system-err>
</testsuite>
